<?xml version="1.0" encoding="UTF-8"?>
<!-- Generated by org.testng.reporters.JUnitReportReporter -->
<testsuite hostname="LAPTOP-K8J9AS79" failures="0" tests="1" name="TestRunner.Run" time="9.264" errors="0" timestamp="7 Mar 2024 11:20:59 GMT">
  <testcase classname="TestRunner.Run" name="runScenario" time="9.264"/>
</testsuite> <!-- TestRunner.Run -->
